<?xml version="1.0" encoding="UTF-8"?>
<!-- Generated by org.testng.reporters.JUnitReportReporter -->
<testsuite hostname="GNLNB-PG021W5R" failures="0" tests="3" name="mp.magentoProj.testcases.HomePageTest" time="40.147" errors="0" timestamp="2023-04-25T21:35:57 IST" skipped="0">
  <testcase classname="mp.magentoProj.testcases.HomePageTest" name="verifyLogo" time="14.150"/>
  <system-out/>
  <testcase classname="mp.magentoProj.testcases.HomePageTest" name="verifyTitle" time="10.511"/>
  <system-out/>
  <testcase classname="mp.magentoProj.testcases.HomePageTest" name="verifyDefaultMessage" time="15.486"/>
  <system-out/>
</testsuite> <!-- mp.magentoProj.testcases.HomePageTest -->
